apps/mobile/modules/stride-steps/android/build/intermediates/manifest_merge_blame_file/release/processReleaseManifest/manifest-merger-blame-release-report.txt
1<?xml version="1.0" encoding="utf-8"?>
2<manifest xmlns:android="http://schemas.android.com/apk/res/android"
3    package="expo.modules.stridesteps" >
4
5    <uses-sdk android:minSdkVersion="24" />
6
7    <uses-permission android:name="android.permission.FOREGROUND_SERVICE" />
7-->src/main/AndroidManifest.xml:2:3-74
7-->src/main/AndroidManifest.xml:2:20-72
8    <!-- Android 14+: typed foreground services require a matching permission. -->
9    <uses-permission android:name="android.permission.FOREGROUND_SERVICE_HEALTH" />
9-->src/main/AndroidManifest.xml:4:3-81
9-->src/main/AndroidManifest.xml:4:20-79
10
11    <application>
11-->src/main/AndroidManifest.xml:6:3-11:17
12        <service
12-->src/main/AndroidManifest.xml:7:5-10:47
13            android:name="expo.modules.stridesteps.StepTrackingService"
13-->src/main/AndroidManifest.xml:8:7-66
14            android:exported="false"
14-->src/main/AndroidManifest.xml:9:7-31
15            android:foregroundServiceType="health" />
15-->src/main/AndroidManifest.xml:10:7-45
16    </application>
17
18</manifest>